

Started GET "/" for 206.123.212.2 at 2014-06-13 20:19:36 +0000

ActiveRecord::PendingMigrationError (

Migrations are pending. To resolve this issue, run:

	bin/rake db:migrate RAILS_ENV=development

):
  activerecord (4.1.1) lib/active_record/migration.rb:389:in `check_pending!'
  activerecord (4.1.1) lib/active_record/migration.rb:377:in `call'
  actionpack (4.1.1) lib/action_dispatch/middleware/callbacks.rb:29:in `block in call'
  activesupport (4.1.1) lib/active_support/callbacks.rb:82:in `run_callbacks'
  actionpack (4.1.1) lib/action_dispatch/middleware/callbacks.rb:27:in `call'
  actionpack (4.1.1) lib/action_dispatch/middleware/reloader.rb:73:in `call'
  actionpack (4.1.1) lib/action_dispatch/middleware/remote_ip.rb:76:in `call'
  actionpack (4.1.1) lib/action_dispatch/middleware/debug_exceptions.rb:17:in `call'
  actionpack (4.1.1) lib/action_dispatch/middleware/show_exceptions.rb:30:in `call'
  railties (4.1.1) lib/rails/rack/logger.rb:38:in `call_app'
  railties (4.1.1) lib/rails/rack/logger.rb:20:in `block in call'
  activesupport (4.1.1) lib/active_support/tagged_logging.rb:68:in `block in tagged'
  activesupport (4.1.1) lib/active_support/tagged_logging.rb:26:in `tagged'
  activesupport (4.1.1) lib/active_support/tagged_logging.rb:68:in `tagged'
  railties (4.1.1) lib/rails/rack/logger.rb:20:in `call'
  actionpack (4.1.1) lib/action_dispatch/middleware/request_id.rb:21:in `call'
  rack (1.5.2) lib/rack/methodoverride.rb:21:in `call'
  rack (1.5.2) lib/rack/runtime.rb:17:in `call'
  activesupport (4.1.1) lib/active_support/cache/strategy/local_cache_middleware.rb:26:in `call'
  rack (1.5.2) lib/rack/lock.rb:17:in `call'
  actionpack (4.1.1) lib/action_dispatch/middleware/static.rb:64:in `call'
  rack (1.5.2) lib/rack/sendfile.rb:112:in `call'
  railties (4.1.1) lib/rails/engine.rb:514:in `call'
  railties (4.1.1) lib/rails/application.rb:144:in `call'
  rack (1.5.2) lib/rack/lock.rb:17:in `call'
  rack (1.5.2) lib/rack/content_length.rb:14:in `call'
  rack (1.5.2) lib/rack/handler/webrick.rb:60:in `service'
  /home/action/.parts/packages/ruby2.1/2.1.1/lib/ruby/2.1.0/webrick/httpserver.rb:138:in `service'
  /home/action/.parts/packages/ruby2.1/2.1.1/lib/ruby/2.1.0/webrick/httpserver.rb:94:in `run'
  /home/action/.parts/packages/ruby2.1/2.1.1/lib/ruby/2.1.0/webrick/server.rb:295:in `block in start_thread'


  Rendered /home/action/.gem/ruby/2.1.1/gems/actionpack-4.1.1/lib/action_dispatch/middleware/templates/rescues/_source.erb (0.7ms)
  Rendered /home/action/.gem/ruby/2.1.1/gems/actionpack-4.1.1/lib/action_dispatch/middleware/templates/rescues/_trace.html.erb (1.4ms)
  Rendered /home/action/.gem/ruby/2.1.1/gems/actionpack-4.1.1/lib/action_dispatch/middleware/templates/rescues/_request_and_response.html.erb (1.2ms)
  Rendered /home/action/.gem/ruby/2.1.1/gems/actionpack-4.1.1/lib/action_dispatch/middleware/templates/rescues/diagnostics.erb within rescues/layout (28.8ms)
  [1m[36m (24.6ms)[0m  [1mCREATE TABLE "schema_migrations" ("version" varchar(255) NOT NULL) [0m
  [1m[35m (0.1ms)[0m  select sqlite_version(*)
  [1m[36m (10.6ms)[0m  [1mCREATE UNIQUE INDEX "unique_schema_migrations" ON "schema_migrations" ("version")[0m
  [1m[35mActiveRecord::SchemaMigration Load (0.1ms)[0m  SELECT "schema_migrations".* FROM "schema_migrations"
Migrating to CreateLocations (20140613201602)
  [1m[36m (0.1ms)[0m  [1mbegin transaction[0m
  [1m[35m (0.5ms)[0m  CREATE TABLE "locations" ("id" INTEGER PRIMARY KEY AUTOINCREMENT NOT NULL, "name" varchar(255), "sub_name" varchar(255), "soil_id" integer, "size" integer, "comment" varchar(255), "created_at" datetime, "updated_at" datetime) 
  [1m[36mSQL (0.2ms)[0m  [1mINSERT INTO "schema_migrations" ("version") VALUES (?)[0m  [["version", "20140613201602"]]
  [1m[35m (12.5ms)[0m  commit transaction
Migrating to CreatePlants (20140613201720)
  [1m[36m (0.1ms)[0m  [1mbegin transaction[0m
  [1m[35m (0.4ms)[0m  CREATE TABLE "plants" ("id" INTEGER PRIMARY KEY AUTOINCREMENT NOT NULL, "name" varchar(255), "type" varchar(255), "group" varchar(255), "water_amount" varchar(255), "comment" varchar(255), "created_at" datetime, "updated_at" datetime) 
  [1m[36mSQL (0.3ms)[0m  [1mINSERT INTO "schema_migrations" ("version") VALUES (?)[0m  [["version", "20140613201720"]]
  [1m[35m (11.9ms)[0m  commit transaction
Migrating to CreatePlantStatuses (20140613201803)
  [1m[36m (0.1ms)[0m  [1mbegin transaction[0m
  [1m[35m (0.4ms)[0m  CREATE TABLE "plant_statuses" ("id" INTEGER PRIMARY KEY AUTOINCREMENT NOT NULL, "name" varchar(255), "created_at" datetime, "updated_at" datetime) 
  [1m[36mSQL (0.3ms)[0m  [1mINSERT INTO "schema_migrations" ("version") VALUES (?)[0m  [["version", "20140613201803"]]
  [1m[35m (13.6ms)[0m  commit transaction
Migrating to CreateMoonPhases (20140613201828)
  [1m[36m (0.1ms)[0m  [1mbegin transaction[0m
  [1m[35m (0.4ms)[0m  CREATE TABLE "moon_phases" ("id" INTEGER PRIMARY KEY AUTOINCREMENT NOT NULL, "name" varchar(255), "image" varchar(255), "created_at" datetime, "updated_at" datetime) 
  [1m[36mSQL (0.3ms)[0m  [1mINSERT INTO "schema_migrations" ("version") VALUES (?)[0m  [["version", "20140613201828"]]
  [1m[35m (12.1ms)[0m  commit transaction
Migrating to CreateSoils (20140613201853)
  [1m[36m (0.1ms)[0m  [1mbegin transaction[0m
  [1m[35m (0.4ms)[0m  CREATE TABLE "soils" ("id" INTEGER PRIMARY KEY AUTOINCREMENT NOT NULL, "name" varchar(255), "created_at" datetime, "updated_at" datetime) 
  [1m[36mSQL (0.3ms)[0m  [1mINSERT INTO "schema_migrations" ("version") VALUES (?)[0m  [["version", "20140613201853"]]
  [1m[35m (12.1ms)[0m  commit transaction
  [1m[36mActiveRecord::SchemaMigration Load (0.1ms)[0m  [1mSELECT "schema_migrations".* FROM "schema_migrations"[0m


Started GET "/" for 206.123.212.2 at 2014-06-13 20:20:18 +0000
  [1m[36mActiveRecord::SchemaMigration Load (0.2ms)[0m  [1mSELECT "schema_migrations".* FROM "schema_migrations"[0m
Processing by Rails::WelcomeController#index as HTML
  Rendered /home/action/.gem/ruby/2.1.1/gems/railties-4.1.1/lib/rails/templates/rails/welcome/index.html.erb (2.3ms)
Completed 200 OK in 31ms (Views: 10.2ms | ActiveRecord: 0.0ms)


Started GET "/" for 206.123.212.2 at 2014-06-13 20:24:05 +0000

ArgumentError (Missing :action key on routes definition, please check your routes.):
  config/routes.rb:12:in `block in <top (required)>'
  config/routes.rb:1:in `<top (required)>'


  Rendered /home/action/.gem/ruby/2.1.1/gems/actionpack-4.1.1/lib/action_dispatch/middleware/templates/rescues/_source.erb (2.3ms)
  Rendered /home/action/.gem/ruby/2.1.1/gems/actionpack-4.1.1/lib/action_dispatch/middleware/templates/rescues/_trace.html.erb (1.4ms)
  Rendered /home/action/.gem/ruby/2.1.1/gems/actionpack-4.1.1/lib/action_dispatch/middleware/templates/rescues/_request_and_response.html.erb (1.1ms)
  Rendered /home/action/.gem/ruby/2.1.1/gems/actionpack-4.1.1/lib/action_dispatch/middleware/templates/rescues/diagnostics.erb within rescues/layout (24.5ms)


Started GET "/" for 206.123.212.2 at 2014-06-13 20:24:14 +0000

ArgumentError (Missing :controller key on routes definition, please check your routes.):
  config/routes.rb:12:in `block in <top (required)>'
  config/routes.rb:1:in `<top (required)>'


  Rendered /home/action/.gem/ruby/2.1.1/gems/actionpack-4.1.1/lib/action_dispatch/middleware/templates/rescues/_source.erb (0.7ms)
  Rendered /home/action/.gem/ruby/2.1.1/gems/actionpack-4.1.1/lib/action_dispatch/middleware/templates/rescues/_trace.html.erb (1.2ms)
  Rendered /home/action/.gem/ruby/2.1.1/gems/actionpack-4.1.1/lib/action_dispatch/middleware/templates/rescues/_request_and_response.html.erb (0.9ms)
  Rendered /home/action/.gem/ruby/2.1.1/gems/actionpack-4.1.1/lib/action_dispatch/middleware/templates/rescues/diagnostics.erb within rescues/layout (22.1ms)


Started GET "/" for 206.123.212.2 at 2014-06-13 20:25:19 +0000

ArgumentError (Missing :controller key on routes definition, please check your routes.):
  config/routes.rb:12:in `block in <top (required)>'
  config/routes.rb:1:in `<top (required)>'


  Rendered /home/action/.gem/ruby/2.1.1/gems/actionpack-4.1.1/lib/action_dispatch/middleware/templates/rescues/_source.erb (0.7ms)
  Rendered /home/action/.gem/ruby/2.1.1/gems/actionpack-4.1.1/lib/action_dispatch/middleware/templates/rescues/_trace.html.erb (1.3ms)
  Rendered /home/action/.gem/ruby/2.1.1/gems/actionpack-4.1.1/lib/action_dispatch/middleware/templates/rescues/_request_and_response.html.erb (1.0ms)
  Rendered /home/action/.gem/ruby/2.1.1/gems/actionpack-4.1.1/lib/action_dispatch/middleware/templates/rescues/diagnostics.erb within rescues/layout (22.4ms)


Started GET "/" for 206.123.212.2 at 2014-06-13 20:25:20 +0000

ActionController::RoutingError (No route matches [GET] "/"):
  actionpack (4.1.1) lib/action_dispatch/middleware/debug_exceptions.rb:21:in `call'
  actionpack (4.1.1) lib/action_dispatch/middleware/show_exceptions.rb:30:in `call'
  railties (4.1.1) lib/rails/rack/logger.rb:38:in `call_app'
  railties (4.1.1) lib/rails/rack/logger.rb:20:in `block in call'
  activesupport (4.1.1) lib/active_support/tagged_logging.rb:68:in `block in tagged'
  activesupport (4.1.1) lib/active_support/tagged_logging.rb:26:in `tagged'
  activesupport (4.1.1) lib/active_support/tagged_logging.rb:68:in `tagged'
  railties (4.1.1) lib/rails/rack/logger.rb:20:in `call'
  actionpack (4.1.1) lib/action_dispatch/middleware/request_id.rb:21:in `call'
  rack (1.5.2) lib/rack/methodoverride.rb:21:in `call'
  rack (1.5.2) lib/rack/runtime.rb:17:in `call'
  activesupport (4.1.1) lib/active_support/cache/strategy/local_cache_middleware.rb:26:in `call'
  rack (1.5.2) lib/rack/lock.rb:17:in `call'
  actionpack (4.1.1) lib/action_dispatch/middleware/static.rb:64:in `call'
  rack (1.5.2) lib/rack/sendfile.rb:112:in `call'
  railties (4.1.1) lib/rails/engine.rb:514:in `call'
  railties (4.1.1) lib/rails/application.rb:144:in `call'
  rack (1.5.2) lib/rack/lock.rb:17:in `call'
  rack (1.5.2) lib/rack/content_length.rb:14:in `call'
  rack (1.5.2) lib/rack/handler/webrick.rb:60:in `service'
  /home/action/.parts/packages/ruby2.1/2.1.1/lib/ruby/2.1.0/webrick/httpserver.rb:138:in `service'
  /home/action/.parts/packages/ruby2.1/2.1.1/lib/ruby/2.1.0/webrick/httpserver.rb:94:in `run'
  /home/action/.parts/packages/ruby2.1/2.1.1/lib/ruby/2.1.0/webrick/server.rb:295:in `block in start_thread'


  Rendered /home/action/.gem/ruby/2.1.1/gems/actionpack-4.1.1/lib/action_dispatch/middleware/templates/rescues/_trace.html.erb (1.1ms)
  Rendered /home/action/.gem/ruby/2.1.1/gems/actionpack-4.1.1/lib/action_dispatch/middleware/templates/routes/_route.html.erb (4.1ms)
  Rendered /home/action/.gem/ruby/2.1.1/gems/actionpack-4.1.1/lib/action_dispatch/middleware/templates/routes/_table.html.erb (8.8ms)
  Rendered /home/action/.gem/ruby/2.1.1/gems/actionpack-4.1.1/lib/action_dispatch/middleware/templates/rescues/routing_error.html.erb within rescues/layout (52.0ms)


Started GET "/" for 206.123.212.2 at 2014-06-13 20:25:22 +0000

ActionController::RoutingError (No route matches [GET] "/"):
  actionpack (4.1.1) lib/action_dispatch/middleware/debug_exceptions.rb:21:in `call'
  actionpack (4.1.1) lib/action_dispatch/middleware/show_exceptions.rb:30:in `call'
  railties (4.1.1) lib/rails/rack/logger.rb:38:in `call_app'
  railties (4.1.1) lib/rails/rack/logger.rb:20:in `block in call'
  activesupport (4.1.1) lib/active_support/tagged_logging.rb:68:in `block in tagged'
  activesupport (4.1.1) lib/active_support/tagged_logging.rb:26:in `tagged'
  activesupport (4.1.1) lib/active_support/tagged_logging.rb:68:in `tagged'
  railties (4.1.1) lib/rails/rack/logger.rb:20:in `call'
  actionpack (4.1.1) lib/action_dispatch/middleware/request_id.rb:21:in `call'
  rack (1.5.2) lib/rack/methodoverride.rb:21:in `call'
  rack (1.5.2) lib/rack/runtime.rb:17:in `call'
  activesupport (4.1.1) lib/active_support/cache/strategy/local_cache_middleware.rb:26:in `call'
  rack (1.5.2) lib/rack/lock.rb:17:in `call'
  actionpack (4.1.1) lib/action_dispatch/middleware/static.rb:64:in `call'
  rack (1.5.2) lib/rack/sendfile.rb:112:in `call'
  railties (4.1.1) lib/rails/engine.rb:514:in `call'
  railties (4.1.1) lib/rails/application.rb:144:in `call'
  rack (1.5.2) lib/rack/lock.rb:17:in `call'
  rack (1.5.2) lib/rack/content_length.rb:14:in `call'
  rack (1.5.2) lib/rack/handler/webrick.rb:60:in `service'
  /home/action/.parts/packages/ruby2.1/2.1.1/lib/ruby/2.1.0/webrick/httpserver.rb:138:in `service'
  /home/action/.parts/packages/ruby2.1/2.1.1/lib/ruby/2.1.0/webrick/httpserver.rb:94:in `run'
  /home/action/.parts/packages/ruby2.1/2.1.1/lib/ruby/2.1.0/webrick/server.rb:295:in `block in start_thread'


  Rendered /home/action/.gem/ruby/2.1.1/gems/actionpack-4.1.1/lib/action_dispatch/middleware/templates/rescues/_trace.html.erb (1.3ms)
  Rendered /home/action/.gem/ruby/2.1.1/gems/actionpack-4.1.1/lib/action_dispatch/middleware/templates/routes/_route.html.erb (4.1ms)
  Rendered /home/action/.gem/ruby/2.1.1/gems/actionpack-4.1.1/lib/action_dispatch/middleware/templates/routes/_table.html.erb (1.3ms)
  Rendered /home/action/.gem/ruby/2.1.1/gems/actionpack-4.1.1/lib/action_dispatch/middleware/templates/rescues/routing_error.html.erb within rescues/layout (37.6ms)


Started GET "/" for 206.123.212.2 at 2014-06-13 20:25:23 +0000

ActionController::RoutingError (No route matches [GET] "/"):
  actionpack (4.1.1) lib/action_dispatch/middleware/debug_exceptions.rb:21:in `call'
  actionpack (4.1.1) lib/action_dispatch/middleware/show_exceptions.rb:30:in `call'
  railties (4.1.1) lib/rails/rack/logger.rb:38:in `call_app'
  railties (4.1.1) lib/rails/rack/logger.rb:20:in `block in call'
  activesupport (4.1.1) lib/active_support/tagged_logging.rb:68:in `block in tagged'
  activesupport (4.1.1) lib/active_support/tagged_logging.rb:26:in `tagged'
  activesupport (4.1.1) lib/active_support/tagged_logging.rb:68:in `tagged'
  railties (4.1.1) lib/rails/rack/logger.rb:20:in `call'
  actionpack (4.1.1) lib/action_dispatch/middleware/request_id.rb:21:in `call'
  rack (1.5.2) lib/rack/methodoverride.rb:21:in `call'
  rack (1.5.2) lib/rack/runtime.rb:17:in `call'
  activesupport (4.1.1) lib/active_support/cache/strategy/local_cache_middleware.rb:26:in `call'
  rack (1.5.2) lib/rack/lock.rb:17:in `call'
  actionpack (4.1.1) lib/action_dispatch/middleware/static.rb:64:in `call'
  rack (1.5.2) lib/rack/sendfile.rb:112:in `call'
  railties (4.1.1) lib/rails/engine.rb:514:in `call'
  railties (4.1.1) lib/rails/application.rb:144:in `call'
  rack (1.5.2) lib/rack/lock.rb:17:in `call'
  rack (1.5.2) lib/rack/content_length.rb:14:in `call'
  rack (1.5.2) lib/rack/handler/webrick.rb:60:in `service'
  /home/action/.parts/packages/ruby2.1/2.1.1/lib/ruby/2.1.0/webrick/httpserver.rb:138:in `service'
  /home/action/.parts/packages/ruby2.1/2.1.1/lib/ruby/2.1.0/webrick/httpserver.rb:94:in `run'
  /home/action/.parts/packages/ruby2.1/2.1.1/lib/ruby/2.1.0/webrick/server.rb:295:in `block in start_thread'


  Rendered /home/action/.gem/ruby/2.1.1/gems/actionpack-4.1.1/lib/action_dispatch/middleware/templates/rescues/_trace.html.erb (1.2ms)
  Rendered /home/action/.gem/ruby/2.1.1/gems/actionpack-4.1.1/lib/action_dispatch/middleware/templates/routes/_route.html.erb (4.3ms)
  Rendered /home/action/.gem/ruby/2.1.1/gems/actionpack-4.1.1/lib/action_dispatch/middleware/templates/routes/_table.html.erb (1.3ms)
  Rendered /home/action/.gem/ruby/2.1.1/gems/actionpack-4.1.1/lib/action_dispatch/middleware/templates/rescues/routing_error.html.erb within rescues/layout (37.2ms)
  [1m[36mActiveRecord::SchemaMigration Load (0.2ms)[0m  [1mSELECT "schema_migrations".* FROM "schema_migrations"[0m
  [1m[35mActiveRecord::SchemaMigration Load (0.1ms)[0m  SELECT "schema_migrations".* FROM "schema_migrations"


Started GET "/" for 206.123.212.2 at 2014-06-13 20:27:56 +0000
Processing by BaseController#index as HTML
  Rendered base/index.html.erb within layouts/application (0.8ms)
Completed 200 OK in 1806ms (Views: 1805.3ms | ActiveRecord: 0.0ms)


Started GET "/assets/base.css?body=1" for 206.123.212.2 at 2014-06-13 20:27:58 +0000


Started GET "/assets/locations.css?body=1" for 206.123.212.2 at 2014-06-13 20:27:58 +0000


Started GET "/assets/scaffolds.css?body=1" for 206.123.212.2 at 2014-06-13 20:27:58 +0000


Started GET "/assets/plants.css?body=1" for 206.123.212.2 at 2014-06-13 20:27:58 +0000


Started GET "/assets/plant_statuses.css?body=1" for 206.123.212.2 at 2014-06-13 20:27:58 +0000


Started GET "/assets/moon_phases.css?body=1" for 206.123.212.2 at 2014-06-13 20:27:58 +0000


Started GET "/assets/soils.css?body=1" for 206.123.212.2 at 2014-06-13 20:27:58 +0000


Started GET "/assets/application.css?body=1" for 206.123.212.2 at 2014-06-13 20:27:58 +0000


Started GET "/assets/jquery.js?body=1" for 206.123.212.2 at 2014-06-13 20:27:58 +0000


Started GET "/assets/jquery_ujs.js?body=1" for 206.123.212.2 at 2014-06-13 20:27:58 +0000


Started GET "/assets/turbolinks.js?body=1" for 206.123.212.2 at 2014-06-13 20:27:58 +0000


Started GET "/assets/base.js?body=1" for 206.123.212.2 at 2014-06-13 20:27:58 +0000


Started GET "/assets/locations.js?body=1" for 206.123.212.2 at 2014-06-13 20:27:58 +0000


Started GET "/assets/moon_phases.js?body=1" for 206.123.212.2 at 2014-06-13 20:27:58 +0000


Started GET "/assets/plant_statuses.js?body=1" for 206.123.212.2 at 2014-06-13 20:27:58 +0000


Started GET "/assets/plants.js?body=1" for 206.123.212.2 at 2014-06-13 20:27:58 +0000


Started GET "/assets/soils.js?body=1" for 206.123.212.2 at 2014-06-13 20:27:58 +0000


Started GET "/assets/application.js?body=1" for 206.123.212.2 at 2014-06-13 20:27:58 +0000


Started GET "/plants" for 206.123.212.2 at 2014-06-13 20:28:04 +0000
Processing by PlantsController#index as HTML
  [1m[35mPlant Load (0.7ms)[0m  SELECT "plants".* FROM "plants"
  Rendered plants/index.html.erb within layouts/application (2.9ms)
Completed 200 OK in 18ms (Views: 14.4ms | ActiveRecord: 0.7ms)


Started GET "/locations" for 206.123.212.2 at 2014-06-13 20:28:10 +0000
Processing by LocationsController#index as HTML
  [1m[36mLocation Load (0.3ms)[0m  [1mSELECT "locations".* FROM "locations"[0m
  Rendered locations/index.html.erb within layouts/application (1.9ms)
Completed 200 OK in 16ms (Views: 13.0ms | ActiveRecord: 0.3ms)


Started GET "/" for 206.123.212.2 at 2014-06-13 20:28:47 +0000
Processing by BaseController#index as HTML
  Rendered base/index.html.erb within layouts/application (1.0ms)
Completed 200 OK in 12ms (Views: 11.0ms | ActiveRecord: 0.0ms)


Started GET "/assets/base.css?body=1" for 206.123.212.2 at 2014-06-13 20:28:47 +0000


Started GET "/assets/locations.css?body=1" for 206.123.212.2 at 2014-06-13 20:28:47 +0000


Started GET "/assets/moon_phases.css?body=1" for 206.123.212.2 at 2014-06-13 20:28:47 +0000


Started GET "/assets/plants.css?body=1" for 206.123.212.2 at 2014-06-13 20:28:47 +0000


Started GET "/assets/plant_statuses.css?body=1" for 206.123.212.2 at 2014-06-13 20:28:47 +0000


Started GET "/assets/soils.css?body=1" for 206.123.212.2 at 2014-06-13 20:28:47 +0000


Started GET "/assets/scaffolds.css?body=1" for 206.123.212.2 at 2014-06-13 20:28:47 +0000


Started GET "/assets/application.css?body=1" for 206.123.212.2 at 2014-06-13 20:28:47 +0000


Started GET "/assets/jquery.js?body=1" for 206.123.212.2 at 2014-06-13 20:28:47 +0000


Started GET "/assets/jquery_ujs.js?body=1" for 206.123.212.2 at 2014-06-13 20:28:47 +0000


Started GET "/assets/turbolinks.js?body=1" for 206.123.212.2 at 2014-06-13 20:28:47 +0000


Started GET "/assets/base.js?body=1" for 206.123.212.2 at 2014-06-13 20:28:47 +0000


Started GET "/assets/locations.js?body=1" for 206.123.212.2 at 2014-06-13 20:28:47 +0000


Started GET "/assets/moon_phases.js?body=1" for 206.123.212.2 at 2014-06-13 20:28:47 +0000


Started GET "/assets/plant_statuses.js?body=1" for 206.123.212.2 at 2014-06-13 20:28:47 +0000


Started GET "/assets/plants.js?body=1" for 206.123.212.2 at 2014-06-13 20:28:47 +0000


Started GET "/assets/soils.js?body=1" for 206.123.212.2 at 2014-06-13 20:28:47 +0000


Started GET "/assets/application.js?body=1" for 206.123.212.2 at 2014-06-13 20:28:47 +0000


Started GET "/soils" for 206.123.212.2 at 2014-06-13 20:28:48 +0000
Processing by SoilsController#index as HTML
  [1m[35mSoil Load (0.3ms)[0m  SELECT "soils".* FROM "soils"
  Rendered soils/index.html.erb within layouts/application (1.6ms)
Completed 200 OK in 15ms (Views: 12.5ms | ActiveRecord: 0.3ms)


Started GET "/" for 206.123.212.2 at 2014-06-13 20:33:22 +0000
  [1m[36mActiveRecord::SchemaMigration Load (0.2ms)[0m  [1mSELECT "schema_migrations".* FROM "schema_migrations"[0m

ActiveRecord::PendingMigrationError (

Migrations are pending. To resolve this issue, run:

	bin/rake db:migrate RAILS_ENV=development

):
  activerecord (4.1.1) lib/active_record/migration.rb:389:in `check_pending!'
  activerecord (4.1.1) lib/active_record/migration.rb:377:in `call'
  actionpack (4.1.1) lib/action_dispatch/middleware/callbacks.rb:29:in `block in call'
  activesupport (4.1.1) lib/active_support/callbacks.rb:82:in `run_callbacks'
  actionpack (4.1.1) lib/action_dispatch/middleware/callbacks.rb:27:in `call'
  actionpack (4.1.1) lib/action_dispatch/middleware/reloader.rb:73:in `call'
  actionpack (4.1.1) lib/action_dispatch/middleware/remote_ip.rb:76:in `call'
  actionpack (4.1.1) lib/action_dispatch/middleware/debug_exceptions.rb:17:in `call'
  actionpack (4.1.1) lib/action_dispatch/middleware/show_exceptions.rb:30:in `call'
  railties (4.1.1) lib/rails/rack/logger.rb:38:in `call_app'
  railties (4.1.1) lib/rails/rack/logger.rb:20:in `block in call'
  activesupport (4.1.1) lib/active_support/tagged_logging.rb:68:in `block in tagged'
  activesupport (4.1.1) lib/active_support/tagged_logging.rb:26:in `tagged'
  activesupport (4.1.1) lib/active_support/tagged_logging.rb:68:in `tagged'
  railties (4.1.1) lib/rails/rack/logger.rb:20:in `call'
  actionpack (4.1.1) lib/action_dispatch/middleware/request_id.rb:21:in `call'
  rack (1.5.2) lib/rack/methodoverride.rb:21:in `call'
  rack (1.5.2) lib/rack/runtime.rb:17:in `call'
  activesupport (4.1.1) lib/active_support/cache/strategy/local_cache_middleware.rb:26:in `call'
  rack (1.5.2) lib/rack/lock.rb:17:in `call'
  actionpack (4.1.1) lib/action_dispatch/middleware/static.rb:64:in `call'
  rack (1.5.2) lib/rack/sendfile.rb:112:in `call'
  railties (4.1.1) lib/rails/engine.rb:514:in `call'
  railties (4.1.1) lib/rails/application.rb:144:in `call'
  rack (1.5.2) lib/rack/lock.rb:17:in `call'
  rack (1.5.2) lib/rack/content_length.rb:14:in `call'
  rack (1.5.2) lib/rack/handler/webrick.rb:60:in `service'
  /home/action/.parts/packages/ruby2.1/2.1.1/lib/ruby/2.1.0/webrick/httpserver.rb:138:in `service'
  /home/action/.parts/packages/ruby2.1/2.1.1/lib/ruby/2.1.0/webrick/httpserver.rb:94:in `run'
  /home/action/.parts/packages/ruby2.1/2.1.1/lib/ruby/2.1.0/webrick/server.rb:295:in `block in start_thread'


  Rendered /home/action/.gem/ruby/2.1.1/gems/actionpack-4.1.1/lib/action_dispatch/middleware/templates/rescues/_source.erb (0.7ms)
  Rendered /home/action/.gem/ruby/2.1.1/gems/actionpack-4.1.1/lib/action_dispatch/middleware/templates/rescues/_trace.html.erb (1.4ms)
  Rendered /home/action/.gem/ruby/2.1.1/gems/actionpack-4.1.1/lib/action_dispatch/middleware/templates/rescues/_request_and_response.html.erb (1.2ms)
  Rendered /home/action/.gem/ruby/2.1.1/gems/actionpack-4.1.1/lib/action_dispatch/middleware/templates/rescues/diagnostics.erb within rescues/layout (22.9ms)
  [1m[36mActiveRecord::SchemaMigration Load (0.2ms)[0m  [1mSELECT "schema_migrations".* FROM "schema_migrations"[0m
Migrating to CreateDailyData (20140613203307)
  [1m[35m (0.1ms)[0m  begin transaction
  [1m[36m (0.6ms)[0m  [1mCREATE TABLE "daily_data" ("id" INTEGER PRIMARY KEY AUTOINCREMENT NOT NULL, "daily_date" date, "temp_low" integer, "temp_high" integer, "eggs_collected" integer, "total_ducks" integer, "hours_of_daylight" time, "sunrise" time, "moon_phase_id" integer, "moon_percent" integer, "weather" varchar(255), "rained" boolean, "created_at" datetime, "updated_at" datetime) [0m
  [1m[35mSQL (0.2ms)[0m  INSERT INTO "schema_migrations" ("version") VALUES (?)  [["version", "20140613203307"]]
  [1m[36m (39.8ms)[0m  [1mcommit transaction[0m
  [1m[35mActiveRecord::SchemaMigration Load (0.2ms)[0m  SELECT "schema_migrations".* FROM "schema_migrations"


Started GET "/" for 206.123.212.2 at 2014-06-13 20:33:34 +0000
  [1m[35mActiveRecord::SchemaMigration Load (0.2ms)[0m  SELECT "schema_migrations".* FROM "schema_migrations"
Processing by BaseController#index as HTML
  Rendered base/index.html.erb within layouts/application (1.1ms)
Completed 200 OK in 294ms (Views: 293.4ms | ActiveRecord: 0.0ms)


Started GET "/assets/base.css?body=1" for 206.123.212.2 at 2014-06-13 20:33:35 +0000


Started GET "/assets/locations.css?body=1" for 206.123.212.2 at 2014-06-13 20:33:35 +0000


Started GET "/assets/moon_phases.css?body=1" for 206.123.212.2 at 2014-06-13 20:33:35 +0000


Started GET "/assets/plants.css?body=1" for 206.123.212.2 at 2014-06-13 20:33:35 +0000


Started GET "/assets/plant_statuses.css?body=1" for 206.123.212.2 at 2014-06-13 20:33:35 +0000


Started GET "/assets/daily_data.css?body=1" for 206.123.212.2 at 2014-06-13 20:33:35 +0000


Started GET "/assets/scaffolds.css?body=1" for 206.123.212.2 at 2014-06-13 20:33:35 +0000


Started GET "/assets/soils.css?body=1" for 206.123.212.2 at 2014-06-13 20:33:35 +0000


Started GET "/assets/application.css?body=1" for 206.123.212.2 at 2014-06-13 20:33:35 +0000


Started GET "/assets/jquery.js?body=1" for 206.123.212.2 at 2014-06-13 20:33:35 +0000


Started GET "/assets/jquery_ujs.js?body=1" for 206.123.212.2 at 2014-06-13 20:33:35 +0000


Started GET "/assets/turbolinks.js?body=1" for 206.123.212.2 at 2014-06-13 20:33:35 +0000


Started GET "/assets/base.js?body=1" for 206.123.212.2 at 2014-06-13 20:33:35 +0000


Started GET "/assets/daily_data.js?body=1" for 206.123.212.2 at 2014-06-13 20:33:35 +0000


Started GET "/assets/locations.js?body=1" for 206.123.212.2 at 2014-06-13 20:33:35 +0000


Started GET "/assets/moon_phases.js?body=1" for 206.123.212.2 at 2014-06-13 20:33:35 +0000


Started GET "/assets/plant_statuses.js?body=1" for 206.123.212.2 at 2014-06-13 20:33:35 +0000


Started GET "/assets/plants.js?body=1" for 206.123.212.2 at 2014-06-13 20:33:35 +0000


Started GET "/assets/soils.js?body=1" for 206.123.212.2 at 2014-06-13 20:33:35 +0000


Started GET "/assets/application.js?body=1" for 206.123.212.2 at 2014-06-13 20:33:35 +0000


Started GET "/daily_data" for 206.123.212.2 at 2014-06-13 20:43:27 +0000
Processing by DailyDataController#index as HTML
  [1m[36mDailyDatum Load (0.4ms)[0m  [1mSELECT "daily_data".* FROM "daily_data"[0m
  Rendered daily_data/index.html.erb within layouts/application (2.8ms)
Completed 200 OK in 18ms (Views: 14.8ms | ActiveRecord: 0.4ms)


Started GET "/daily_data/new" for 206.123.212.2 at 2014-06-13 20:43:30 +0000
Processing by DailyDataController#new as HTML
  Rendered daily_data/_form.html.erb (59.8ms)
  Rendered daily_data/new.html.erb within layouts/application (62.0ms)
Completed 200 OK in 78ms (Views: 75.4ms | ActiveRecord: 0.5ms)


Started POST "/daily_data" for 206.123.212.2 at 2014-06-13 20:43:45 +0000
Processing by DailyDataController#create as HTML
  Parameters: {"utf8"=>"✓", "authenticity_token"=>"rG8hthX/NlQ2oBXsVYb04awPvB4i3S1Yl6HIy7wcPnE=", "daily_datum"=>{"daily_date(1i)"=>"2014", "daily_date(2i)"=>"6", "daily_date(3i)"=>"13", "temp_low"=>"", "temp_high"=>"", "eggs_collected"=>"", "total_ducks"=>"", "hours_of_daylight(1i)"=>"2014", "hours_of_daylight(2i)"=>"6", "hours_of_daylight(3i)"=>"13", "hours_of_daylight(4i)"=>"20", "hours_of_daylight(5i)"=>"43", "sunrise(1i)"=>"2014", "sunrise(2i)"=>"6", "sunrise(3i)"=>"13", "sunrise(4i)"=>"20", "sunrise(5i)"=>"43", "moon_phase_id"=>"", "moon_percent"=>"", "weather"=>"", "rained"=>"0"}, "commit"=>"Create Daily datum"}
  [1m[35m (0.2ms)[0m  begin transaction
  [1m[36mSQL (0.6ms)[0m  [1mINSERT INTO "daily_data" ("created_at", "daily_date", "hours_of_daylight", "rained", "sunrise", "updated_at", "weather") VALUES (?, ?, ?, ?, ?, ?, ?)[0m  [["created_at", "2014-06-13 20:43:45.234123"], ["daily_date", "2014-06-13"], ["hours_of_daylight", "2014-06-13 20:43:00.000000"], ["rained", "f"], ["sunrise", "2014-06-13 20:43:00.000000"], ["updated_at", "2014-06-13 20:43:45.234123"], ["weather", ""]]
  [1m[35m (23.6ms)[0m  commit transaction
Redirected to http://oofdev-122309.usw1.nitrousbox.com:3000/daily_data/1
Completed 302 Found in 33ms (ActiveRecord: 24.3ms)


Started GET "/daily_data/1" for 206.123.212.2 at 2014-06-13 20:43:45 +0000
Processing by DailyDataController#show as HTML
  Parameters: {"id"=>"1"}
  [1m[36mDailyDatum Load (0.4ms)[0m  [1mSELECT  "daily_data".* FROM "daily_data"  WHERE "daily_data"."id" = ? LIMIT 1[0m  [["id", 1]]
  Rendered daily_data/show.html.erb within layouts/application (2.0ms)
Completed 200 OK in 16ms (Views: 13.4ms | ActiveRecord: 0.4ms)


Started GET "/assets/base.css?body=1" for 206.123.212.2 at 2014-06-13 20:43:45 +0000


Started GET "/assets/daily_data.css?body=1" for 206.123.212.2 at 2014-06-13 20:43:45 +0000


Started GET "/assets/moon_phases.css?body=1" for 206.123.212.2 at 2014-06-13 20:43:45 +0000


Started GET "/assets/plants.css?body=1" for 206.123.212.2 at 2014-06-13 20:43:45 +0000


Started GET "/assets/plant_statuses.css?body=1" for 206.123.212.2 at 2014-06-13 20:43:45 +0000


Started GET "/assets/locations.css?body=1" for 206.123.212.2 at 2014-06-13 20:43:45 +0000


Started GET "/assets/scaffolds.css?body=1" for 206.123.212.2 at 2014-06-13 20:43:45 +0000


Started GET "/assets/soils.css?body=1" for 206.123.212.2 at 2014-06-13 20:43:45 +0000


Started GET "/assets/application.css?body=1" for 206.123.212.2 at 2014-06-13 20:43:45 +0000


Started GET "/assets/jquery.js?body=1" for 206.123.212.2 at 2014-06-13 20:43:45 +0000


Started GET "/assets/jquery_ujs.js?body=1" for 206.123.212.2 at 2014-06-13 20:43:45 +0000


Started GET "/assets/turbolinks.js?body=1" for 206.123.212.2 at 2014-06-13 20:43:45 +0000


Started GET "/assets/base.js?body=1" for 206.123.212.2 at 2014-06-13 20:43:45 +0000


Started GET "/assets/daily_data.js?body=1" for 206.123.212.2 at 2014-06-13 20:43:45 +0000


Started GET "/assets/locations.js?body=1" for 206.123.212.2 at 2014-06-13 20:43:45 +0000


Started GET "/assets/moon_phases.js?body=1" for 206.123.212.2 at 2014-06-13 20:43:45 +0000


Started GET "/assets/plant_statuses.js?body=1" for 206.123.212.2 at 2014-06-13 20:43:45 +0000


Started GET "/assets/plants.js?body=1" for 206.123.212.2 at 2014-06-13 20:43:45 +0000


Started GET "/assets/soils.js?body=1" for 206.123.212.2 at 2014-06-13 20:43:45 +0000


Started GET "/assets/application.js?body=1" for 206.123.212.2 at 2014-06-13 20:43:45 +0000


Started GET "/daily_data" for 206.123.212.2 at 2014-06-13 20:43:47 +0000
Processing by DailyDataController#index as HTML
  [1m[35mDailyDatum Load (0.3ms)[0m  SELECT "daily_data".* FROM "daily_data"
  Rendered daily_data/index.html.erb within layouts/application (2.2ms)
Completed 200 OK in 14ms (Views: 12.6ms | ActiveRecord: 0.3ms)


Started GET "/daily_data/1" for 206.123.212.2 at 2014-06-13 20:43:50 +0000
Processing by DailyDataController#show as HTML
  Parameters: {"id"=>"1"}
  [1m[36mDailyDatum Load (0.2ms)[0m  [1mSELECT  "daily_data".* FROM "daily_data"  WHERE "daily_data"."id" = ? LIMIT 1[0m  [["id", 1]]
  Rendered daily_data/show.html.erb within layouts/application (1.8ms)
Completed 200 OK in 15ms (Views: 13.1ms | ActiveRecord: 0.2ms)


Started GET "/daily_data/1/edit" for 206.123.212.2 at 2014-06-13 20:43:52 +0000
Processing by DailyDataController#edit as HTML
  Parameters: {"id"=>"1"}
  [1m[35mDailyDatum Load (0.2ms)[0m  SELECT  "daily_data".* FROM "daily_data"  WHERE "daily_data"."id" = ? LIMIT 1  [["id", 1]]
  Rendered daily_data/_form.html.erb (14.9ms)
  Rendered daily_data/edit.html.erb within layouts/application (17.0ms)
Completed 200 OK in 30ms (Views: 28.3ms | ActiveRecord: 0.2ms)


Started GET "/daily_data" for 206.123.212.2 at 2014-06-13 20:43:54 +0000
Processing by DailyDataController#index as HTML
  [1m[36mDailyDatum Load (0.3ms)[0m  [1mSELECT "daily_data".* FROM "daily_data"[0m
  Rendered daily_data/index.html.erb within layouts/application (1.9ms)
Completed 200 OK in 13ms (Views: 12.5ms | ActiveRecord: 0.3ms)


Started GET "/" for 206.123.212.2 at 2014-06-16 14:53:26 +0000
  [1m[36mActiveRecord::SchemaMigration Load (0.2ms)[0m  [1mSELECT "schema_migrations".* FROM "schema_migrations"[0m
Processing by BaseController#index as HTML
  Rendered base/index.html.erb within layouts/application (2.5ms)
Completed 200 OK in 119ms (Views: 97.1ms | ActiveRecord: 0.0ms)


Started GET "/assets/base.css?body=1" for 206.123.212.2 at 2014-06-16 14:53:27 +0000


Started GET "/assets/daily_data.css?body=1" for 206.123.212.2 at 2014-06-16 14:53:27 +0000


Started GET "/assets/locations.css?body=1" for 206.123.212.2 at 2014-06-16 14:53:27 +0000


Started GET "/assets/plant_statuses.css?body=1" for 206.123.212.2 at 2014-06-16 14:53:27 +0000


Started GET "/assets/moon_phases.css?body=1" for 206.123.212.2 at 2014-06-16 14:53:27 +0000


Started GET "/assets/scaffolds.css?body=1" for 206.123.212.2 at 2014-06-16 14:53:27 +0000


Started GET "/assets/plants.css?body=1" for 206.123.212.2 at 2014-06-16 14:53:27 +0000


Started GET "/assets/soils.css?body=1" for 206.123.212.2 at 2014-06-16 14:53:27 +0000


Started GET "/assets/application.css?body=1" for 206.123.212.2 at 2014-06-16 14:53:27 +0000


Started GET "/assets/jquery.js?body=1" for 206.123.212.2 at 2014-06-16 14:53:27 +0000


Started GET "/assets/jquery_ujs.js?body=1" for 206.123.212.2 at 2014-06-16 14:53:27 +0000


Started GET "/assets/turbolinks.js?body=1" for 206.123.212.2 at 2014-06-16 14:53:27 +0000


Started GET "/assets/base.js?body=1" for 206.123.212.2 at 2014-06-16 14:53:27 +0000


Started GET "/assets/daily_data.js?body=1" for 206.123.212.2 at 2014-06-16 14:53:27 +0000


Started GET "/assets/locations.js?body=1" for 206.123.212.2 at 2014-06-16 14:53:27 +0000


Started GET "/assets/moon_phases.js?body=1" for 206.123.212.2 at 2014-06-16 14:53:27 +0000


Started GET "/assets/plant_statuses.js?body=1" for 206.123.212.2 at 2014-06-16 14:53:27 +0000


Started GET "/assets/plants.js?body=1" for 206.123.212.2 at 2014-06-16 14:53:27 +0000


Started GET "/assets/soils.js?body=1" for 206.123.212.2 at 2014-06-16 14:53:27 +0000


Started GET "/assets/application.js?body=1" for 206.123.212.2 at 2014-06-16 14:53:27 +0000


Started GET "/daily_data" for 206.123.212.2 at 2014-06-16 14:53:48 +0000
Processing by DailyDataController#index as HTML
  [1m[35mDailyDatum Load (0.3ms)[0m  SELECT "daily_data".* FROM "daily_data"
  Rendered daily_data/index.html.erb within layouts/application (15.6ms)
Completed 200 OK in 30ms (Views: 26.2ms | ActiveRecord: 0.8ms)


Started GET "/daily_data" for 206.123.212.2 at 2014-06-16 15:03:14 +0000
Processing by DailyDataController#index as HTML
  [1m[36mDailyDatum Load (0.3ms)[0m  [1mSELECT "daily_data".* FROM "daily_data"[0m
  Rendered daily_data/index.html.erb within layouts/application (33.9ms)
Completed 500 Internal Server Error in 37ms

ActionView::Template::Error (undefined local variable or method `new_moon_phases_path' for #<#<Class:0x007f5c410de950>:0x007f5c40a59828>):
    40:   </tbody>
    41: </table>
    42: <br>
    43: <%= link_to 'New Moon datum', new_moon_phases_path %>
    44: <%= link_to 'New Daily datum', new_daily_datum_path %>
  app/views/daily_data/index.html.erb:43:in `_app_views_daily_data_index_html_erb___240657800349165874_70017099150000'


  Rendered /home/action/.gem/ruby/2.1.1/gems/actionpack-4.1.1/lib/action_dispatch/middleware/templates/rescues/_trace.html.erb (1.7ms)
  Rendered /home/action/.gem/ruby/2.1.1/gems/actionpack-4.1.1/lib/action_dispatch/middleware/templates/rescues/_request_and_response.html.erb (1.1ms)
  Rendered /home/action/.gem/ruby/2.1.1/gems/actionpack-4.1.1/lib/action_dispatch/middleware/templates/rescues/template_error.html.erb within rescues/layout (17.5ms)
  [1m[36mActiveRecord::SchemaMigration Load (0.2ms)[0m  [1mSELECT "schema_migrations".* FROM "schema_migrations"[0m
  [1m[35mActiveRecord::SchemaMigration Load (0.2ms)[0m  SELECT "schema_migrations".* FROM "schema_migrations"


Started GET "/daily_data" for 206.123.212.2 at 2014-06-16 15:11:55 +0000
Processing by DailyDataController#index as HTML
  [1m[35mDailyDatum Load (0.6ms)[0m  SELECT "daily_data".* FROM "daily_data"
  Rendered daily_data/index.html.erb within layouts/application (22.3ms)
Completed 500 Internal Server Error in 27ms

ActionView::Template::Error (undefined local variable or method `new_moon_phases_path' for #<#<Class:0x007f5c427344e8>:0x007f5c42727748>):
    40:   </tbody>
    41: </table>
    42: <br>
    43: <%= link_to 'New Moon datum', new_moon_phases_path %>
    44: <%= link_to 'New Daily datum', new_daily_datum_path %>
  app/views/daily_data/index.html.erb:43:in `_app_views_daily_data_index_html_erb___240657800349165874_70017099150000'


  Rendered /home/action/.gem/ruby/2.1.1/gems/actionpack-4.1.1/lib/action_dispatch/middleware/templates/rescues/_trace.html.erb (1.7ms)
  Rendered /home/action/.gem/ruby/2.1.1/gems/actionpack-4.1.1/lib/action_dispatch/middleware/templates/rescues/_request_and_response.html.erb (1.2ms)
  Rendered /home/action/.gem/ruby/2.1.1/gems/actionpack-4.1.1/lib/action_dispatch/middleware/templates/rescues/template_error.html.erb within rescues/layout (17.0ms)


Started GET "/daily_data" for 206.123.212.2 at 2014-06-16 15:12:51 +0000
Processing by DailyDataController#index as HTML
  [1m[36mDailyDatum Load (0.3ms)[0m  [1mSELECT "daily_data".* FROM "daily_data"[0m
  Rendered daily_data/index.html.erb within layouts/application (3.0ms)
Completed 200 OK in 15ms (Views: 14.0ms | ActiveRecord: 0.3ms)


Started GET "/assets/base.css?body=1" for 206.123.212.2 at 2014-06-16 15:12:51 +0000


Started GET "/assets/daily_data.css?body=1" for 206.123.212.2 at 2014-06-16 15:12:51 +0000


Started GET "/assets/plant_statuses.css?body=1" for 206.123.212.2 at 2014-06-16 15:12:51 +0000


Started GET "/assets/moon_phases.css?body=1" for 206.123.212.2 at 2014-06-16 15:12:51 +0000


Started GET "/assets/plants.css?body=1" for 206.123.212.2 at 2014-06-16 15:12:51 +0000


Started GET "/assets/locations.css?body=1" for 206.123.212.2 at 2014-06-16 15:12:51 +0000


Started GET "/assets/scaffolds.css?body=1" for 206.123.212.2 at 2014-06-16 15:12:51 +0000


Started GET "/assets/soils.css?body=1" for 206.123.212.2 at 2014-06-16 15:12:51 +0000


Started GET "/assets/application.css?body=1" for 206.123.212.2 at 2014-06-16 15:12:51 +0000


Started GET "/assets/jquery.js?body=1" for 206.123.212.2 at 2014-06-16 15:12:51 +0000


Started GET "/assets/jquery_ujs.js?body=1" for 206.123.212.2 at 2014-06-16 15:12:51 +0000


Started GET "/assets/turbolinks.js?body=1" for 206.123.212.2 at 2014-06-16 15:12:51 +0000


Started GET "/assets/base.js?body=1" for 206.123.212.2 at 2014-06-16 15:12:51 +0000


Started GET "/assets/daily_data.js?body=1" for 206.123.212.2 at 2014-06-16 15:12:51 +0000


Started GET "/assets/locations.js?body=1" for 206.123.212.2 at 2014-06-16 15:12:51 +0000


Started GET "/assets/moon_phases.js?body=1" for 206.123.212.2 at 2014-06-16 15:12:51 +0000


Started GET "/assets/plant_statuses.js?body=1" for 206.123.212.2 at 2014-06-16 15:12:51 +0000


Started GET "/assets/plants.js?body=1" for 206.123.212.2 at 2014-06-16 15:12:51 +0000


Started GET "/assets/soils.js?body=1" for 206.123.212.2 at 2014-06-16 15:12:51 +0000


Started GET "/assets/application.js?body=1" for 206.123.212.2 at 2014-06-16 15:12:51 +0000


Started GET "/moon_phases/new" for 206.123.212.2 at 2014-06-16 15:12:53 +0000
Processing by MoonPhasesController#new as HTML
  Rendered moon_phases/_form.html.erb (22.4ms)
  Rendered moon_phases/new.html.erb within layouts/application (27.3ms)
Completed 200 OK in 43ms (Views: 39.1ms | ActiveRecord: 0.5ms)


Started POST "/moon_phases" for 206.123.212.2 at 2014-06-16 17:16:53 +0000
  [1m[36mActiveRecord::SchemaMigration Load (0.2ms)[0m  [1mSELECT "schema_migrations".* FROM "schema_migrations"[0m
Processing by MoonPhasesController#create as HTML
  Parameters: {"utf8"=>"✓", "authenticity_token"=>"7Hy4nZXU5X9ImGqyczkZsYRCzk1KiFKywjxx2UGQ6zU=", "moon_phase"=>{"name"=>"New Moon", "image"=>"m1.gif"}, "commit"=>"Create Moon phase"}
  [1m[35m (0.1ms)[0m  begin transaction
  [1m[36mSQL (0.5ms)[0m  [1mINSERT INTO "moon_phases" ("created_at", "image", "name", "updated_at") VALUES (?, ?, ?, ?)[0m  [["created_at", "2014-06-16 17:16:53.756510"], ["image", "m1.gif"], ["name", "New Moon"], ["updated_at", "2014-06-16 17:16:53.756510"]]
  [1m[35m (59.6ms)[0m  commit transaction
Redirected to http://oofdev-122309.usw1.nitrousbox.com/moon_phases/1
Completed 302 Found in 97ms (ActiveRecord: 60.7ms)


Started GET "/moon_phases/1" for 206.123.212.2 at 2014-06-16 17:16:53 +0000
Processing by MoonPhasesController#show as HTML
  Parameters: {"id"=>"1"}
  [1m[36mMoonPhase Load (0.4ms)[0m  [1mSELECT  "moon_phases".* FROM "moon_phases"  WHERE "moon_phases"."id" = ? LIMIT 1[0m  [["id", 1]]
  Rendered moon_phases/show.html.erb within layouts/application (2.5ms)
Completed 200 OK in 98ms (Views: 94.7ms | ActiveRecord: 0.4ms)


Started GET "/assets/base.css?body=1" for 206.123.212.2 at 2014-06-16 17:16:54 +0000


Started GET "/assets/locations.css?body=1" for 206.123.212.2 at 2014-06-16 17:16:54 +0000


Started GET "/assets/daily_data.css?body=1" for 206.123.212.2 at 2014-06-16 17:16:54 +0000


Started GET "/assets/plants.css?body=1" for 206.123.212.2 at 2014-06-16 17:16:54 +0000


Started GET "/assets/plant_statuses.css?body=1" for 206.123.212.2 at 2014-06-16 17:16:54 +0000


Started GET "/assets/moon_phases.css?body=1" for 206.123.212.2 at 2014-06-16 17:16:54 +0000


Started GET "/assets/scaffolds.css?body=1" for 206.123.212.2 at 2014-06-16 17:16:54 +0000


Started GET "/assets/soils.css?body=1" for 206.123.212.2 at 2014-06-16 17:16:54 +0000


Started GET "/assets/application.css?body=1" for 206.123.212.2 at 2014-06-16 17:16:54 +0000


Started GET "/assets/jquery.js?body=1" for 206.123.212.2 at 2014-06-16 17:16:54 +0000


Started GET "/assets/jquery_ujs.js?body=1" for 206.123.212.2 at 2014-06-16 17:16:54 +0000


Started GET "/assets/turbolinks.js?body=1" for 206.123.212.2 at 2014-06-16 17:16:54 +0000


Started GET "/assets/base.js?body=1" for 206.123.212.2 at 2014-06-16 17:16:54 +0000


Started GET "/assets/daily_data.js?body=1" for 206.123.212.2 at 2014-06-16 17:16:54 +0000


Started GET "/assets/locations.js?body=1" for 206.123.212.2 at 2014-06-16 17:16:54 +0000


Started GET "/assets/soils.js?body=1" for 206.123.212.2 at 2014-06-16 17:16:54 +0000


Started GET "/assets/plant_statuses.js?body=1" for 206.123.212.2 at 2014-06-16 17:16:54 +0000


Started GET "/assets/moon_phases.js?body=1" for 206.123.212.2 at 2014-06-16 17:16:54 +0000


Started GET "/assets/plants.js?body=1" for 206.123.212.2 at 2014-06-16 17:16:54 +0000


Started GET "/assets/application.js?body=1" for 206.123.212.2 at 2014-06-16 17:16:54 +0000


Started GET "/moon_phases" for 206.123.212.2 at 2014-06-16 17:16:56 +0000
Processing by MoonPhasesController#index as HTML
  [1m[35mMoonPhase Load (0.3ms)[0m  SELECT "moon_phases".* FROM "moon_phases"
  Rendered moon_phases/index.html.erb within layouts/application (2.4ms)
Completed 200 OK in 15ms (Views: 13.7ms | ActiveRecord: 0.3ms)


Started GET "/moon_phases/new" for 206.123.212.2 at 2014-06-16 17:16:59 +0000
Processing by MoonPhasesController#new as HTML
  Rendered moon_phases/_form.html.erb (17.0ms)
  Rendered moon_phases/new.html.erb within layouts/application (22.0ms)
Completed 200 OK in 34ms (Views: 33.3ms | ActiveRecord: 0.0ms)


Started POST "/moon_phases" for 206.123.212.2 at 2014-06-16 17:17:17 +0000
Processing by MoonPhasesController#create as HTML
  Parameters: {"utf8"=>"✓", "authenticity_token"=>"7Hy4nZXU5X9ImGqyczkZsYRCzk1KiFKywjxx2UGQ6zU=", "moon_phase"=>{"name"=>"Waxing crescent moon", "image"=>"m5.gif"}, "commit"=>"Create Moon phase"}
  [1m[36m (0.2ms)[0m  [1mbegin transaction[0m
  [1m[35mSQL (0.4ms)[0m  INSERT INTO "moon_phases" ("created_at", "image", "name", "updated_at") VALUES (?, ?, ?, ?)  [["created_at", "2014-06-16 17:17:17.506509"], ["image", "m5.gif"], ["name", "Waxing crescent moon"], ["updated_at", "2014-06-16 17:17:17.506509"]]
  [1m[36m (26.5ms)[0m  [1mcommit transaction[0m
Redirected to http://oofdev-122309.usw1.nitrousbox.com/moon_phases/2
Completed 302 Found in 30ms (ActiveRecord: 27.0ms)


Started GET "/moon_phases/2" for 206.123.212.2 at 2014-06-16 17:17:17 +0000
Processing by MoonPhasesController#show as HTML
  Parameters: {"id"=>"2"}
  [1m[35mMoonPhase Load (0.2ms)[0m  SELECT  "moon_phases".* FROM "moon_phases"  WHERE "moon_phases"."id" = ? LIMIT 1  [["id", 2]]
  Rendered moon_phases/show.html.erb within layouts/application (0.4ms)
Completed 200 OK in 13ms (Views: 11.5ms | ActiveRecord: 0.2ms)


Started GET "/assets/base.css?body=1" for 206.123.212.2 at 2014-06-16 17:17:17 +0000


Started GET "/assets/moon_phases.css?body=1" for 206.123.212.2 at 2014-06-16 17:17:17 +0000


Started GET "/assets/plants.css?body=1" for 206.123.212.2 at 2014-06-16 17:17:17 +0000


Started GET "/assets/locations.css?body=1" for 206.123.212.2 at 2014-06-16 17:17:17 +0000


Started GET "/assets/plant_statuses.css?body=1" for 206.123.212.2 at 2014-06-16 17:17:17 +0000


Started GET "/assets/daily_data.css?body=1" for 206.123.212.2 at 2014-06-16 17:17:17 +0000


Started GET "/assets/scaffolds.css?body=1" for 206.123.212.2 at 2014-06-16 17:17:17 +0000


Started GET "/assets/soils.css?body=1" for 206.123.212.2 at 2014-06-16 17:17:17 +0000


Started GET "/assets/application.css?body=1" for 206.123.212.2 at 2014-06-16 17:17:17 +0000


Started GET "/assets/turbolinks.js?body=1" for 206.123.212.2 at 2014-06-16 17:17:17 +0000


Started GET "/assets/jquery.js?body=1" for 206.123.212.2 at 2014-06-16 17:17:17 +0000


Started GET "/assets/jquery_ujs.js?body=1" for 206.123.212.2 at 2014-06-16 17:17:17 +0000


Started GET "/assets/base.js?body=1" for 206.123.212.2 at 2014-06-16 17:17:17 +0000


Started GET "/assets/moon_phases.js?body=1" for 206.123.212.2 at 2014-06-16 17:17:17 +0000


Started GET "/assets/plant_statuses.js?body=1" for 206.123.212.2 at 2014-06-16 17:17:17 +0000


Started GET "/assets/daily_data.js?body=1" for 206.123.212.2 at 2014-06-16 17:17:17 +0000


Started GET "/assets/locations.js?body=1" for 206.123.212.2 at 2014-06-16 17:17:17 +0000


Started GET "/assets/plants.js?body=1" for 206.123.212.2 at 2014-06-16 17:17:17 +0000


Started GET "/assets/soils.js?body=1" for 206.123.212.2 at 2014-06-16 17:17:17 +0000


Started GET "/assets/application.js?body=1" for 206.123.212.2 at 2014-06-16 17:17:18 +0000


Started GET "/moon_phases/2" for 206.123.212.2 at 2014-06-16 17:18:30 +0000
Processing by MoonPhasesController#show as HTML
  Parameters: {"id"=>"2"}
  [1m[36mMoonPhase Load (0.2ms)[0m  [1mSELECT  "moon_phases".* FROM "moon_phases"  WHERE "moon_phases"."id" = ? LIMIT 1[0m  [["id", 2]]
  Rendered moon_phases/show.html.erb within layouts/application (1.2ms)
Completed 200 OK in 14ms (Views: 12.0ms | ActiveRecord: 0.2ms)


Started GET "/assets/base.css?body=1" for 206.123.212.2 at 2014-06-16 17:18:30 +0000


Started GET "/assets/daily_data.css?body=1" for 206.123.212.2 at 2014-06-16 17:18:30 +0000


Started GET "/assets/plants.css?body=1" for 206.123.212.2 at 2014-06-16 17:18:30 +0000


Started GET "/assets/moon_phases.css?body=1" for 206.123.212.2 at 2014-06-16 17:18:30 +0000


Started GET "/assets/plant_statuses.css?body=1" for 206.123.212.2 at 2014-06-16 17:18:30 +0000


Started GET "/assets/scaffolds.css?body=1" for 206.123.212.2 at 2014-06-16 17:18:30 +0000


Started GET "/assets/locations.css?body=1" for 206.123.212.2 at 2014-06-16 17:18:30 +0000


Started GET "/assets/soils.css?body=1" for 206.123.212.2 at 2014-06-16 17:18:30 +0000


Started GET "/assets/application.css?body=1" for 206.123.212.2 at 2014-06-16 17:18:30 +0000


Started GET "/assets/jquery.js?body=1" for 206.123.212.2 at 2014-06-16 17:18:30 +0000


Started GET "/assets/jquery_ujs.js?body=1" for 206.123.212.2 at 2014-06-16 17:18:30 +0000


Started GET "/assets/locations.js?body=1" for 206.123.212.2 at 2014-06-16 17:18:30 +0000


Started GET "/assets/daily_data.js?body=1" for 206.123.212.2 at 2014-06-16 17:18:30 +0000


Started GET "/assets/turbolinks.js?body=1" for 206.123.212.2 at 2014-06-16 17:18:30 +0000


Started GET "/assets/base.js?body=1" for 206.123.212.2 at 2014-06-16 17:18:30 +0000


Started GET "/assets/moon_phases.js?body=1" for 206.123.212.2 at 2014-06-16 17:18:30 +0000


Started GET "/assets/plant_statuses.js?body=1" for 206.123.212.2 at 2014-06-16 17:18:30 +0000


Started GET "/assets/plants.js?body=1" for 206.123.212.2 at 2014-06-16 17:18:30 +0000


Started GET "/assets/soils.js?body=1" for 206.123.212.2 at 2014-06-16 17:18:30 +0000


Started GET "/assets/application.js?body=1" for 206.123.212.2 at 2014-06-16 17:18:30 +0000


Started GET "/moon_phases/2" for 206.123.212.2 at 2014-06-16 17:18:37 +0000
Processing by MoonPhasesController#show as HTML
  Parameters: {"id"=>"2"}
  [1m[35mMoonPhase Load (0.2ms)[0m  SELECT  "moon_phases".* FROM "moon_phases"  WHERE "moon_phases"."id" = ? LIMIT 1  [["id", 2]]
  Rendered moon_phases/show.html.erb within layouts/application (1.1ms)
Completed 200 OK in 13ms (Views: 11.9ms | ActiveRecord: 0.2ms)


Started GET "/assets/base.css?body=1" for 206.123.212.2 at 2014-06-16 17:18:37 +0000


Started GET "/assets/daily_data.css?body=1" for 206.123.212.2 at 2014-06-16 17:18:37 +0000


Started GET "/assets/plants.css?body=1" for 206.123.212.2 at 2014-06-16 17:18:37 +0000


Started GET "/assets/moon_phases.css?body=1" for 206.123.212.2 at 2014-06-16 17:18:38 +0000


Started GET "/assets/scaffolds.css?body=1" for 206.123.212.2 at 2014-06-16 17:18:38 +0000


Started GET "/assets/plant_statuses.css?body=1" for 206.123.212.2 at 2014-06-16 17:18:38 +0000


Started GET "/assets/locations.css?body=1" for 206.123.212.2 at 2014-06-16 17:18:38 +0000


Started GET "/assets/soils.css?body=1" for 206.123.212.2 at 2014-06-16 17:18:38 +0000


Started GET "/assets/application.css?body=1" for 206.123.212.2 at 2014-06-16 17:18:38 +0000


Started GET "/assets/jquery.js?body=1" for 206.123.212.2 at 2014-06-16 17:18:38 +0000


Started GET "/assets/jquery_ujs.js?body=1" for 206.123.212.2 at 2014-06-16 17:18:38 +0000


Started GET "/assets/turbolinks.js?body=1" for 206.123.212.2 at 2014-06-16 17:18:38 +0000


Started GET "/assets/base.js?body=1" for 206.123.212.2 at 2014-06-16 17:18:38 +0000


Started GET "/assets/daily_data.js?body=1" for 206.123.212.2 at 2014-06-16 17:18:38 +0000


Started GET "/assets/locations.js?body=1" for 206.123.212.2 at 2014-06-16 17:18:38 +0000


Started GET "/assets/moon_phases.js?body=1" for 206.123.212.2 at 2014-06-16 17:18:38 +0000


Started GET "/assets/plant_statuses.js?body=1" for 206.123.212.2 at 2014-06-16 17:18:38 +0000


Started GET "/assets/soils.js?body=1" for 206.123.212.2 at 2014-06-16 17:18:38 +0000


Started GET "/assets/plants.js?body=1" for 206.123.212.2 at 2014-06-16 17:18:38 +0000


Started GET "/assets/application.js?body=1" for 206.123.212.2 at 2014-06-16 17:18:38 +0000


Started GET "/moon_phases/new" for 206.123.212.2 at 2014-06-16 17:18:39 +0000
Processing by MoonPhasesController#new as HTML
  Rendered moon_phases/_form.html.erb (2.6ms)
  Rendered moon_phases/new.html.erb within layouts/application (3.9ms)
Completed 200 OK in 16ms (Views: 15.0ms | ActiveRecord: 0.0ms)


Started POST "/moon_phases" for 206.123.212.2 at 2014-06-16 17:18:51 +0000
Processing by MoonPhasesController#create as HTML
  Parameters: {"utf8"=>"✓", "authenticity_token"=>"7Hy4nZXU5X9ImGqyczkZsYRCzk1KiFKywjxx2UGQ6zU=", "moon_phase"=>{"name"=>"First quarter moon", "image"=>"m8.gif"}, "commit"=>"Create Moon phase"}
  [1m[36m (0.1ms)[0m  [1mbegin transaction[0m
  [1m[35mSQL (0.4ms)[0m  INSERT INTO "moon_phases" ("created_at", "image", "name", "updated_at") VALUES (?, ?, ?, ?)  [["created_at", "2014-06-16 17:18:51.232385"], ["image", "m8.gif"], ["name", "First quarter moon"], ["updated_at", "2014-06-16 17:18:51.232385"]]
  [1m[36m (36.6ms)[0m  [1mcommit transaction[0m
Redirected to http://oofdev-122309.usw1.nitrousbox.com/moon_phases/3
Completed 302 Found in 40ms (ActiveRecord: 37.1ms)


Started GET "/moon_phases/3" for 206.123.212.2 at 2014-06-16 17:18:51 +0000
Processing by MoonPhasesController#show as HTML
  Parameters: {"id"=>"3"}
  [1m[35mMoonPhase Load (0.2ms)[0m  SELECT  "moon_phases".* FROM "moon_phases"  WHERE "moon_phases"."id" = ? LIMIT 1  [["id", 3]]
  Rendered moon_phases/show.html.erb within layouts/application (0.5ms)
Completed 200 OK in 13ms (Views: 11.6ms | ActiveRecord: 0.2ms)


Started GET "/assets/base.css?body=1" for 206.123.212.2 at 2014-06-16 17:18:51 +0000


Started GET "/assets/daily_data.css?body=1" for 206.123.212.2 at 2014-06-16 17:18:51 +0000


Started GET "/assets/plants.css?body=1" for 206.123.212.2 at 2014-06-16 17:18:51 +0000


Started GET "/assets/locations.css?body=1" for 206.123.212.2 at 2014-06-16 17:18:51 +0000


Started GET "/assets/scaffolds.css?body=1" for 206.123.212.2 at 2014-06-16 17:18:51 +0000


Started GET "/assets/moon_phases.css?body=1" for 206.123.212.2 at 2014-06-16 17:18:51 +0000


Started GET "/assets/plant_statuses.css?body=1" for 206.123.212.2 at 2014-06-16 17:18:51 +0000


Started GET "/assets/soils.css?body=1" for 206.123.212.2 at 2014-06-16 17:18:51 +0000


Started GET "/assets/application.css?body=1" for 206.123.212.2 at 2014-06-16 17:18:51 +0000


Started GET "/assets/jquery.js?body=1" for 206.123.212.2 at 2014-06-16 17:18:51 +0000


Started GET "/assets/base.js?body=1" for 206.123.212.2 at 2014-06-16 17:18:51 +0000


Started GET "/assets/jquery_ujs.js?body=1" for 206.123.212.2 at 2014-06-16 17:18:51 +0000


Started GET "/assets/turbolinks.js?body=1" for 206.123.212.2 at 2014-06-16 17:18:51 +0000


Started GET "/assets/daily_data.js?body=1" for 206.123.212.2 at 2014-06-16 17:18:51 +0000


Started GET "/assets/locations.js?body=1" for 206.123.212.2 at 2014-06-16 17:18:51 +0000


Started GET "/assets/moon_phases.js?body=1" for 206.123.212.2 at 2014-06-16 17:18:51 +0000


Started GET "/assets/plant_statuses.js?body=1" for 206.123.212.2 at 2014-06-16 17:18:51 +0000


Started GET "/assets/plants.js?body=1" for 206.123.212.2 at 2014-06-16 17:18:51 +0000


Started GET "/assets/soils.js?body=1" for 206.123.212.2 at 2014-06-16 17:18:51 +0000


Started GET "/assets/application.js?body=1" for 206.123.212.2 at 2014-06-16 17:18:51 +0000


Started GET "/moon_phases/new" for 206.123.212.2 at 2014-06-16 17:18:58 +0000
Processing by MoonPhasesController#new as HTML
  Rendered moon_phases/_form.html.erb (2.3ms)
  Rendered moon_phases/new.html.erb within layouts/application (3.6ms)
Completed 200 OK in 15ms (Views: 14.0ms | ActiveRecord: 0.0ms)


Started POST "/moon_phases" for 206.123.212.2 at 2014-06-16 17:19:04 +0000
Processing by MoonPhasesController#create as HTML
  Parameters: {"utf8"=>"✓", "authenticity_token"=>"7Hy4nZXU5X9ImGqyczkZsYRCzk1KiFKywjxx2UGQ6zU=", "moon_phase"=>{"name"=>"Waxing gibbous moon", "image"=>"m11.gif"}, "commit"=>"Create Moon phase"}
  [1m[36m (0.1ms)[0m  [1mbegin transaction[0m
  [1m[35mSQL (0.4ms)[0m  INSERT INTO "moon_phases" ("created_at", "image", "name", "updated_at") VALUES (?, ?, ?, ?)  [["created_at", "2014-06-16 17:19:04.248095"], ["image", "m11.gif"], ["name", "Waxing gibbous moon"], ["updated_at", "2014-06-16 17:19:04.248095"]]
  [1m[36m (25.4ms)[0m  [1mcommit transaction[0m
Redirected to http://oofdev-122309.usw1.nitrousbox.com/moon_phases/4
Completed 302 Found in 29ms (ActiveRecord: 25.9ms)


Started GET "/moon_phases/4" for 206.123.212.2 at 2014-06-16 17:19:04 +0000
Processing by MoonPhasesController#show as HTML
  Parameters: {"id"=>"4"}
  [1m[35mMoonPhase Load (0.2ms)[0m  SELECT  "moon_phases".* FROM "moon_phases"  WHERE "moon_phases"."id" = ? LIMIT 1  [["id", 4]]
  Rendered moon_phases/show.html.erb within layouts/application (0.5ms)
Completed 200 OK in 13ms (Views: 11.3ms | ActiveRecord: 0.2ms)


Started GET "/assets/base.css?body=1" for 206.123.212.2 at 2014-06-16 17:19:04 +0000


Started GET "/assets/moon_phases.css?body=1" for 206.123.212.2 at 2014-06-16 17:19:04 +0000


Started GET "/assets/plant_statuses.css?body=1" for 206.123.212.2 at 2014-06-16 17:19:04 +0000


Started GET "/assets/daily_data.css?body=1" for 206.123.212.2 at 2014-06-16 17:19:04 +0000


Started GET "/assets/plants.css?body=1" for 206.123.212.2 at 2014-06-16 17:19:04 +0000


Started GET "/assets/locations.css?body=1" for 206.123.212.2 at 2014-06-16 17:19:04 +0000


Started GET "/assets/scaffolds.css?body=1" for 206.123.212.2 at 2014-06-16 17:19:04 +0000


Started GET "/assets/soils.css?body=1" for 206.123.212.2 at 2014-06-16 17:19:04 +0000


Started GET "/assets/application.css?body=1" for 206.123.212.2 at 2014-06-16 17:19:04 +0000


Started GET "/assets/jquery.js?body=1" for 206.123.212.2 at 2014-06-16 17:19:04 +0000


Started GET "/assets/jquery_ujs.js?body=1" for 206.123.212.2 at 2014-06-16 17:19:04 +0000


Started GET "/assets/base.js?body=1" for 206.123.212.2 at 2014-06-16 17:19:04 +0000


Started GET "/assets/turbolinks.js?body=1" for 206.123.212.2 at 2014-06-16 17:19:04 +0000


Started GET "/assets/daily_data.js?body=1" for 206.123.212.2 at 2014-06-16 17:19:04 +0000


Started GET "/assets/locations.js?body=1" for 206.123.212.2 at 2014-06-16 17:19:04 +0000


Started GET "/assets/application.js?body=1" for 206.123.212.2 at 2014-06-16 17:19:04 +0000


Started GET "/assets/plant_statuses.js?body=1" for 206.123.212.2 at 2014-06-16 17:19:04 +0000


Started GET "/assets/moon_phases.js?body=1" for 206.123.212.2 at 2014-06-16 17:19:04 +0000


Started GET "/assets/plants.js?body=1" for 206.123.212.2 at 2014-06-16 17:19:04 +0000


Started GET "/assets/soils.js?body=1" for 206.123.212.2 at 2014-06-16 17:19:04 +0000


Started GET "/moon_phases/new" for 206.123.212.2 at 2014-06-16 17:19:10 +0000
Processing by MoonPhasesController#new as HTML
  Rendered moon_phases/_form.html.erb (2.2ms)
  Rendered moon_phases/new.html.erb within layouts/application (3.5ms)
Completed 200 OK in 14ms (Views: 13.6ms | ActiveRecord: 0.0ms)


Started POST "/moon_phases" for 206.123.212.2 at 2014-06-16 17:19:16 +0000
Processing by MoonPhasesController#create as HTML
  Parameters: {"utf8"=>"✓", "authenticity_token"=>"7Hy4nZXU5X9ImGqyczkZsYRCzk1KiFKywjxx2UGQ6zU=", "moon_phase"=>{"name"=>"Full moon", "image"=>"m15.gif"}, "commit"=>"Create Moon phase"}
  [1m[36m (0.1ms)[0m  [1mbegin transaction[0m
  [1m[35mSQL (0.4ms)[0m  INSERT INTO "moon_phases" ("created_at", "image", "name", "updated_at") VALUES (?, ?, ?, ?)  [["created_at", "2014-06-16 17:19:16.299385"], ["image", "m15.gif"], ["name", "Full moon"], ["updated_at", "2014-06-16 17:19:16.299385"]]
  [1m[36m (56.1ms)[0m  [1mcommit transaction[0m
Redirected to http://oofdev-122309.usw1.nitrousbox.com/moon_phases/5
Completed 302 Found in 60ms (ActiveRecord: 56.5ms)


Started GET "/moon_phases/5" for 206.123.212.2 at 2014-06-16 17:19:16 +0000
Processing by MoonPhasesController#show as HTML
  Parameters: {"id"=>"5"}
  [1m[35mMoonPhase Load (0.2ms)[0m  SELECT  "moon_phases".* FROM "moon_phases"  WHERE "moon_phases"."id" = ? LIMIT 1  [["id", 5]]
  Rendered moon_phases/show.html.erb within layouts/application (0.5ms)
Completed 200 OK in 12ms (Views: 11.0ms | ActiveRecord: 0.2ms)


Started GET "/assets/base.css?body=1" for 206.123.212.2 at 2014-06-16 17:19:16 +0000


Started GET "/assets/daily_data.css?body=1" for 206.123.212.2 at 2014-06-16 17:19:16 +0000


Started GET "/assets/plant_statuses.css?body=1" for 206.123.212.2 at 2014-06-16 17:19:16 +0000


Started GET "/assets/plants.css?body=1" for 206.123.212.2 at 2014-06-16 17:19:16 +0000


Started GET "/assets/scaffolds.css?body=1" for 206.123.212.2 at 2014-06-16 17:19:16 +0000


Started GET "/assets/moon_phases.css?body=1" for 206.123.212.2 at 2014-06-16 17:19:16 +0000


Started GET "/assets/locations.css?body=1" for 206.123.212.2 at 2014-06-16 17:19:16 +0000


Started GET "/assets/soils.css?body=1" for 206.123.212.2 at 2014-06-16 17:19:16 +0000


Started GET "/assets/application.css?body=1" for 206.123.212.2 at 2014-06-16 17:19:16 +0000


Started GET "/assets/jquery.js?body=1" for 206.123.212.2 at 2014-06-16 17:19:16 +0000


Started GET "/assets/jquery_ujs.js?body=1" for 206.123.212.2 at 2014-06-16 17:19:16 +0000


Started GET "/assets/turbolinks.js?body=1" for 206.123.212.2 at 2014-06-16 17:19:16 +0000


Started GET "/assets/base.js?body=1" for 206.123.212.2 at 2014-06-16 17:19:16 +0000


Started GET "/assets/daily_data.js?body=1" for 206.123.212.2 at 2014-06-16 17:19:16 +0000


Started GET "/assets/locations.js?body=1" for 206.123.212.2 at 2014-06-16 17:19:16 +0000


Started GET "/assets/moon_phases.js?body=1" for 206.123.212.2 at 2014-06-16 17:19:16 +0000


Started GET "/assets/plant_statuses.js?body=1" for 206.123.212.2 at 2014-06-16 17:19:16 +0000


Started GET "/assets/plants.js?body=1" for 206.123.212.2 at 2014-06-16 17:19:16 +0000


Started GET "/assets/soils.js?body=1" for 206.123.212.2 at 2014-06-16 17:19:16 +0000


Started GET "/assets/application.js?body=1" for 206.123.212.2 at 2014-06-16 17:19:16 +0000


Started GET "/moon_phases" for 206.123.212.2 at 2014-06-16 17:22:13 +0000
Processing by MoonPhasesController#index as HTML
  [1m[36mMoonPhase Load (0.3ms)[0m  [1mSELECT "moon_phases".* FROM "moon_phases"[0m
  Rendered moon_phases/index.html.erb within layouts/application (9.8ms)
Completed 200 OK in 21ms (Views: 19.9ms | ActiveRecord: 0.3ms)


Started GET "/moon_phases" for 206.123.212.2 at 2014-06-16 17:22:15 +0000
Processing by MoonPhasesController#index as HTML
  [1m[35mMoonPhase Load (0.3ms)[0m  SELECT "moon_phases".* FROM "moon_phases"
  Rendered moon_phases/index.html.erb within layouts/application (3.9ms)
Completed 200 OK in 15ms (Views: 13.9ms | ActiveRecord: 0.3ms)


Started GET "/assets/base.css?body=1" for 206.123.212.2 at 2014-06-16 17:22:15 +0000


Started GET "/assets/plants.css?body=1" for 206.123.212.2 at 2014-06-16 17:22:16 +0000


Started GET "/assets/moon_phases.css?body=1" for 206.123.212.2 at 2014-06-16 17:22:16 +0000


Started GET "/assets/locations.css?body=1" for 206.123.212.2 at 2014-06-16 17:22:16 +0000


Started GET "/assets/daily_data.css?body=1" for 206.123.212.2 at 2014-06-16 17:22:16 +0000


Started GET "/assets/plant_statuses.css?body=1" for 206.123.212.2 at 2014-06-16 17:22:16 +0000


Started GET "/assets/scaffolds.css?body=1" for 206.123.212.2 at 2014-06-16 17:22:16 +0000


Started GET "/assets/soils.css?body=1" for 206.123.212.2 at 2014-06-16 17:22:16 +0000


Started GET "/assets/jquery.js?body=1" for 206.123.212.2 at 2014-06-16 17:22:16 +0000


Started GET "/assets/application.css?body=1" for 206.123.212.2 at 2014-06-16 17:22:16 +0000


Started GET "/assets/daily_data.js?body=1" for 206.123.212.2 at 2014-06-16 17:22:16 +0000


Started GET "/assets/jquery_ujs.js?body=1" for 206.123.212.2 at 2014-06-16 17:22:16 +0000


Started GET "/assets/turbolinks.js?body=1" for 206.123.212.2 at 2014-06-16 17:22:16 +0000


Started GET "/assets/base.js?body=1" for 206.123.212.2 at 2014-06-16 17:22:16 +0000


Started GET "/assets/locations.js?body=1" for 206.123.212.2 at 2014-06-16 17:22:16 +0000


Started GET "/assets/moon_phases.js?body=1" for 206.123.212.2 at 2014-06-16 17:22:16 +0000


Started GET "/assets/plant_statuses.js?body=1" for 206.123.212.2 at 2014-06-16 17:22:16 +0000


Started GET "/assets/plants.js?body=1" for 206.123.212.2 at 2014-06-16 17:22:16 +0000


Started GET "/assets/soils.js?body=1" for 206.123.212.2 at 2014-06-16 17:22:16 +0000


Started GET "/assets/application.js?body=1" for 206.123.212.2 at 2014-06-16 17:22:16 +0000
